<?xml version="1.0" encoding="UTF-8"?>
<testng-results ignored="0" total="2" passed="2" failed="0" skipped="0">
  <reporter-output>
  </reporter-output>
  <suite started-at="2024-05-01T19:29:48 IST" name="Suite" finished-at="2024-05-01T19:30:02 IST" duration-ms="14702">
    <groups>
      <group name="regression">
        <method signature="TC_002_LoginTest.verify_login()[pri:0, instance:testCases.TC_002_LoginTest@8f4ea7c]" name="verify_login" class="testCases.TC_002_LoginTest"/>
      </group> <!-- regression -->
      <group name="sanity">
        <method signature="TC_001_AccountRegistrationPage.verify_account_registration()[pri:0, instance:testCases.TC_001_AccountRegistrationPage@564fabc8]" name="verify_account_registration" class="testCases.TC_001_AccountRegistrationPage"/>
      </group> <!-- sanity -->
      <group name="master">
        <method signature="TC_001_AccountRegistrationPage.verify_account_registration()[pri:0, instance:testCases.TC_001_AccountRegistrationPage@564fabc8]" name="verify_account_registration" class="testCases.TC_001_AccountRegistrationPage"/>
        <method signature="TC_002_LoginTest.verify_login()[pri:0, instance:testCases.TC_002_LoginTest@8f4ea7c]" name="verify_login" class="testCases.TC_002_LoginTest"/>
      </group> <!-- master -->
    </groups>
    <test started-at="2024-05-01T19:29:48 IST" name="Test" finished-at="2024-05-01T19:30:02 IST" duration-ms="14702">
      <class name="testCases.TC_002_LoginTest">
        <test-method is-config="true" signature="setup(java.lang.String,java.lang.String)[pri:0, instance:testCases.TC_002_LoginTest@8f4ea7c]" started-at="2024-05-01T19:29:57 IST" name="setup" finished-at="2024-05-01T19:30:00 IST" duration-ms="2840" status="PASS">
          <params>
            <param index="0">
              <value>
                <![CDATA[Windows]]>
              </value>
            </param>
            <param index="1">
              <value>
                <![CDATA[chrome]]>
              </value>
            </param>
          </params>
          <reporter-output>
          </reporter-output>
        </test-method> <!-- setup -->
        <test-method signature="verify_login()[pri:0, instance:testCases.TC_002_LoginTest@8f4ea7c]" started-at="2024-05-01T19:30:00 IST" name="verify_login" finished-at="2024-05-01T19:30:02 IST" duration-ms="1972" status="PASS">
          <reporter-output>
          </reporter-output>
        </test-method> <!-- verify_login -->
        <test-method is-config="true" signature="teardown()[pri:0, instance:testCases.TC_002_LoginTest@8f4ea7c]" started-at="2024-05-01T19:30:02 IST" name="teardown" finished-at="2024-05-01T19:30:02 IST" duration-ms="170" status="PASS">
          <reporter-output>
          </reporter-output>
        </test-method> <!-- teardown -->
      </class> <!-- testCases.TC_002_LoginTest -->
      <class name="testCases.TC_001_AccountRegistrationPage">
        <test-method is-config="true" signature="setup(java.lang.String,java.lang.String)[pri:0, instance:testCases.TC_001_AccountRegistrationPage@564fabc8]" started-at="2024-05-01T19:29:48 IST" name="setup" finished-at="2024-05-01T19:29:52 IST" duration-ms="3937" status="PASS">
          <params>
            <param index="0">
              <value>
                <![CDATA[Windows]]>
              </value>
            </param>
            <param index="1">
              <value>
                <![CDATA[chrome]]>
              </value>
            </param>
          </params>
          <reporter-output>
          </reporter-output>
        </test-method> <!-- setup -->
        <test-method signature="verify_account_registration()[pri:0, instance:testCases.TC_001_AccountRegistrationPage@564fabc8]" started-at="2024-05-01T19:29:52 IST" name="verify_account_registration" finished-at="2024-05-01T19:29:57 IST" duration-ms="5293" status="PASS">
          <reporter-output>
          </reporter-output>
        </test-method> <!-- verify_account_registration -->
        <test-method is-config="true" signature="teardown()[pri:0, instance:testCases.TC_001_AccountRegistrationPage@564fabc8]" started-at="2024-05-01T19:29:57 IST" name="teardown" finished-at="2024-05-01T19:29:57 IST" duration-ms="158" status="PASS">
          <reporter-output>
          </reporter-output>
        </test-method> <!-- teardown -->
      </class> <!-- testCases.TC_001_AccountRegistrationPage -->
    </test> <!-- Test -->
  </suite> <!-- Suite -->
</testng-results>
