<?xml version="1.0" encoding="UTF-8"?>
<testng-results ignored="0" total="2" passed="2" failed="0" skipped="0">
  <reporter-output>
  </reporter-output>
  <suite started-at="2024-05-01T16:58:07 IST" name="Suite" finished-at="2024-05-01T16:58:30 IST" duration-ms="23341">
    <groups>
      <group name="regression">
        <method signature="TC_002_LoginTest.verify_login()[pri:0, instance:testCases.TC_002_LoginTest@4b013c76]" name="verify_login" class="testCases.TC_002_LoginTest"/>
      </group> <!-- regression -->
      <group name="sanity">
        <method signature="TC_001_AccountRegistrationPage.verify_account_registration()[pri:0, instance:testCases.TC_001_AccountRegistrationPage@53045c6c]" name="verify_account_registration" class="testCases.TC_001_AccountRegistrationPage"/>
      </group> <!-- sanity -->
      <group name="master">
        <method signature="TC_001_AccountRegistrationPage.verify_account_registration()[pri:0, instance:testCases.TC_001_AccountRegistrationPage@53045c6c]" name="verify_account_registration" class="testCases.TC_001_AccountRegistrationPage"/>
        <method signature="TC_002_LoginTest.verify_login()[pri:0, instance:testCases.TC_002_LoginTest@4b013c76]" name="verify_login" class="testCases.TC_002_LoginTest"/>
      </group> <!-- master -->
    </groups>
    <test started-at="2024-05-01T16:58:07 IST" name="Test" finished-at="2024-05-01T16:58:30 IST" duration-ms="23341">
      <class name="testCases.TC_002_LoginTest">
        <test-method is-config="true" signature="setup(java.lang.String,java.lang.String)[pri:0, instance:testCases.TC_002_LoginTest@4b013c76]" started-at="2024-05-01T16:58:22 IST" name="setup" finished-at="2024-05-01T16:58:28 IST" duration-ms="6342" status="PASS">
          <params>
            <param index="0">
              <value>
                <![CDATA[windows]]>
              </value>
            </param>
            <param index="1">
              <value>
                <![CDATA[chrome]]>
              </value>
            </param>
          </params>
          <reporter-output>
          </reporter-output>
        </test-method> <!-- setup -->
        <test-method signature="verify_login()[pri:0, instance:testCases.TC_002_LoginTest@4b013c76]" started-at="2024-05-01T16:58:28 IST" name="verify_login" finished-at="2024-05-01T16:58:30 IST" duration-ms="2124" status="PASS">
          <reporter-output>
          </reporter-output>
        </test-method> <!-- verify_login -->
        <test-method is-config="true" signature="teardown()[pri:0, instance:testCases.TC_002_LoginTest@4b013c76]" started-at="2024-05-01T16:58:30 IST" name="teardown" finished-at="2024-05-01T16:58:30 IST" duration-ms="370" status="PASS">
          <reporter-output>
          </reporter-output>
        </test-method> <!-- teardown -->
      </class> <!-- testCases.TC_002_LoginTest -->
      <class name="testCases.TC_001_AccountRegistrationPage">
        <test-method is-config="true" signature="setup(java.lang.String,java.lang.String)[pri:0, instance:testCases.TC_001_AccountRegistrationPage@53045c6c]" started-at="2024-05-01T16:58:08 IST" name="setup" finished-at="2024-05-01T16:58:16 IST" duration-ms="8469" status="PASS">
          <params>
            <param index="0">
              <value>
                <![CDATA[windows]]>
              </value>
            </param>
            <param index="1">
              <value>
                <![CDATA[chrome]]>
              </value>
            </param>
          </params>
          <reporter-output>
          </reporter-output>
        </test-method> <!-- setup -->
        <test-method signature="verify_account_registration()[pri:0, instance:testCases.TC_001_AccountRegistrationPage@53045c6c]" started-at="2024-05-01T16:58:16 IST" name="verify_account_registration" finished-at="2024-05-01T16:58:21 IST" duration-ms="4969" status="PASS">
          <reporter-output>
          </reporter-output>
        </test-method> <!-- verify_account_registration -->
        <test-method is-config="true" signature="teardown()[pri:0, instance:testCases.TC_001_AccountRegistrationPage@53045c6c]" started-at="2024-05-01T16:58:21 IST" name="teardown" finished-at="2024-05-01T16:58:22 IST" duration-ms="442" status="PASS">
          <reporter-output>
          </reporter-output>
        </test-method> <!-- teardown -->
      </class> <!-- testCases.TC_001_AccountRegistrationPage -->
    </test> <!-- Test -->
  </suite> <!-- Suite -->
</testng-results>
