<?xml version="1.0" encoding="UTF-8"?>
<testng-results ignored="0" total="1" passed="1" failed="0" skipped="0">
  <reporter-output>
  </reporter-output>
  <suite started-at="2024-05-17T00:08:11 IST" name="Suite" finished-at="2024-05-17T00:08:45 IST" duration-ms="33763">
    <groups>
    </groups>
    <test started-at="2024-05-17T00:08:11 IST" name="Test" finished-at="2024-05-17T00:08:45 IST" duration-ms="33763">
      <class name="testCases.TC_014_ProductReturnTest">
        <test-method is-config="true" signature="setup(java.lang.String,java.lang.String)[pri:0, instance:testCases.TC_014_ProductReturnTest@19e4653c]" started-at="2024-05-17T00:08:11 IST" name="setup" finished-at="2024-05-17T00:08:15 IST" duration-ms="4228" status="PASS">
          <params>
            <param index="0">
              <value>
                <![CDATA[windows]]>
              </value>
            </param>
            <param index="1">
              <value>
                <![CDATA[chrome]]>
              </value>
            </param>
          </params>
          <reporter-output>
          </reporter-output>
        </test-method> <!-- setup -->
        <test-method signature="verify_product_return()[pri:0, instance:testCases.TC_014_ProductReturnTest@19e4653c]" started-at="2024-05-17T00:08:16 IST" name="verify_product_return" finished-at="2024-05-17T00:08:45 IST" duration-ms="29097" status="PASS">
          <reporter-output>
          </reporter-output>
        </test-method> <!-- verify_product_return -->
        <test-method is-config="true" signature="teardown()[pri:0, instance:testCases.TC_014_ProductReturnTest@19e4653c]" started-at="2024-05-17T00:08:45 IST" name="teardown" finished-at="2024-05-17T00:08:45 IST" duration-ms="364" status="PASS">
          <reporter-output>
          </reporter-output>
        </test-method> <!-- teardown -->
      </class> <!-- testCases.TC_014_ProductReturnTest -->
    </test> <!-- Test -->
  </suite> <!-- Suite -->
</testng-results>
